<?xml version="1.0" encoding="UTF-8"?>
<testsuite xmlns:xsi="http://www.w3.org/2001/XMLSchema-instance" xsi:noNamespaceSchemaLocation="https://maven.apache.org/surefire/maven-surefire-plugin/xsd/surefire-test-report-3.0.xsd" version="3.0" name="DemoTest" time="0.227" tests="3" errors="0" skipped="0" failures="0">
  <properties>
    <property name="sun.desktop" value="windows"/>
    <property name="awt.toolkit" value="sun.awt.windows.WToolkit"/>
    <property name="file.encoding.pkg" value="sun.io"/>
    <property name="java.specification.version" value="1.8"/>
    <property name="sun.cpu.isalist" value="amd64"/>
    <property name="sun.jnu.encoding" value="GBK"/>
    <property name="java.class.path" value="E:\JAVA-hogwarts\junit5demo2\target\test-classes;E:\JAVA-hogwarts\junit5demo2\target\classes;E:\JAVA-hogwarts\maven-repo\org\junit\jupiter\junit-jupiter\5.8.1\junit-jupiter-5.8.1.jar;E:\JAVA-hogwarts\maven-repo\org\junit\jupiter\junit-jupiter-api\5.8.1\junit-jupiter-api-5.8.1.jar;E:\JAVA-hogwarts\maven-repo\org\opentest4j\opentest4j\1.2.0\opentest4j-1.2.0.jar;E:\JAVA-hogwarts\maven-repo\org\junit\platform\junit-platform-commons\1.8.1\junit-platform-commons-1.8.1.jar;E:\JAVA-hogwarts\maven-repo\org\junit\jupiter\junit-jupiter-params\5.8.1\junit-jupiter-params-5.8.1.jar;E:\JAVA-hogwarts\maven-repo\org\junit\jupiter\junit-jupiter-engine\5.8.1\junit-jupiter-engine-5.8.1.jar;E:\JAVA-hogwarts\maven-repo\org\junit\platform\junit-platform-engine\1.8.1\junit-platform-engine-1.8.1.jar;E:\JAVA-hogwarts\maven-repo\org\junit\platform\junit-platform-runner\1.5.1\junit-platform-runner-1.5.1.jar;E:\JAVA-hogwarts\maven-repo\junit\junit\4.12\junit-4.12.jar;E:\JAVA-hogwarts\maven-repo\org\hamcrest\hamcrest-core\1.3\hamcrest-core-1.3.jar;E:\JAVA-hogwarts\maven-repo\org\apiguardian\apiguardian-api\1.1.0\apiguardian-api-1.1.0.jar;E:\JAVA-hogwarts\maven-repo\org\junit\platform\junit-platform-launcher\1.5.1\junit-platform-launcher-1.5.1.jar;E:\JAVA-hogwarts\maven-repo\org\junit\platform\junit-platform-suite-api\1.5.1\junit-platform-suite-api-1.5.1.jar;E:\JAVA-hogwarts\maven-repo\org\hamcrest\hamcrest\2.2\hamcrest-2.2.jar;E:\JAVA-hogwarts\maven-repo\io\qameta\allure\allure-junit5\2.16.1\allure-junit5-2.16.1.jar;E:\JAVA-hogwarts\maven-repo\io\qameta\allure\allure-junit-platform\2.16.1\allure-junit-platform-2.16.1.jar;E:\JAVA-hogwarts\maven-repo\io\qameta\allure\allure-java-commons\2.16.1\allure-java-commons-2.16.1.jar;E:\JAVA-hogwarts\maven-repo\org\slf4j\slf4j-api\1.7.30\slf4j-api-1.7.30.jar;E:\JAVA-hogwarts\maven-repo\io\qameta\allure\allure-model\2.16.1\allure-model-2.16.1.jar;E:\JAVA-hogwarts\maven-repo\io\qameta\allure\allure-test-filter\2.16.1\allure-test-filter-2.16.1.jar;"/>
    <property name="java.vm.vendor" value="Oracle Corporation"/>
    <property name="sun.arch.data.model" value="64"/>
    <property name="user.variant" value=""/>
    <property name="java.vendor.url" value="http://java.oracle.com/"/>
    <property name="user.timezone" value="Asia/Shanghai"/>
    <property name="java.vm.specification.version" value="1.8"/>
    <property name="os.name" value="Windows 10"/>
    <property name="user.country" value="CN"/>
    <property name="sun.java.launcher" value="SUN_STANDARD"/>
    <property name="sun.boot.library.path" value="C:\Program Files\Java\jdk1.8.0_102\jre\bin"/>
    <property name="sun.java.command" value="C:\Users\27428\AppData\Local\Temp\surefire6476194136663493112\surefirebooter964154355830587227.jar C:\Users\27428\AppData\Local\Temp\surefire6476194136663493112 2021-11-21T12-02-12_588-jvmRun1 surefire6709067355095432865tmp surefire_06501700027285864865tmp"/>
    <property name="surefire.test.class.path" value="E:\JAVA-hogwarts\junit5demo2\target\test-classes;E:\JAVA-hogwarts\junit5demo2\target\classes;E:\JAVA-hogwarts\maven-repo\org\junit\jupiter\junit-jupiter\5.8.1\junit-jupiter-5.8.1.jar;E:\JAVA-hogwarts\maven-repo\org\junit\jupiter\junit-jupiter-api\5.8.1\junit-jupiter-api-5.8.1.jar;E:\JAVA-hogwarts\maven-repo\org\opentest4j\opentest4j\1.2.0\opentest4j-1.2.0.jar;E:\JAVA-hogwarts\maven-repo\org\junit\platform\junit-platform-commons\1.8.1\junit-platform-commons-1.8.1.jar;E:\JAVA-hogwarts\maven-repo\org\junit\jupiter\junit-jupiter-params\5.8.1\junit-jupiter-params-5.8.1.jar;E:\JAVA-hogwarts\maven-repo\org\junit\jupiter\junit-jupiter-engine\5.8.1\junit-jupiter-engine-5.8.1.jar;E:\JAVA-hogwarts\maven-repo\org\junit\platform\junit-platform-engine\1.8.1\junit-platform-engine-1.8.1.jar;E:\JAVA-hogwarts\maven-repo\org\junit\platform\junit-platform-runner\1.5.1\junit-platform-runner-1.5.1.jar;E:\JAVA-hogwarts\maven-repo\junit\junit\4.12\junit-4.12.jar;E:\JAVA-hogwarts\maven-repo\org\hamcrest\hamcrest-core\1.3\hamcrest-core-1.3.jar;E:\JAVA-hogwarts\maven-repo\org\apiguardian\apiguardian-api\1.1.0\apiguardian-api-1.1.0.jar;E:\JAVA-hogwarts\maven-repo\org\junit\platform\junit-platform-launcher\1.5.1\junit-platform-launcher-1.5.1.jar;E:\JAVA-hogwarts\maven-repo\org\junit\platform\junit-platform-suite-api\1.5.1\junit-platform-suite-api-1.5.1.jar;E:\JAVA-hogwarts\maven-repo\org\hamcrest\hamcrest\2.2\hamcrest-2.2.jar;E:\JAVA-hogwarts\maven-repo\io\qameta\allure\allure-junit5\2.16.1\allure-junit5-2.16.1.jar;E:\JAVA-hogwarts\maven-repo\io\qameta\allure\allure-junit-platform\2.16.1\allure-junit-platform-2.16.1.jar;E:\JAVA-hogwarts\maven-repo\io\qameta\allure\allure-java-commons\2.16.1\allure-java-commons-2.16.1.jar;E:\JAVA-hogwarts\maven-repo\org\slf4j\slf4j-api\1.7.30\slf4j-api-1.7.30.jar;E:\JAVA-hogwarts\maven-repo\io\qameta\allure\allure-model\2.16.1\allure-model-2.16.1.jar;E:\JAVA-hogwarts\maven-repo\io\qameta\allure\allure-test-filter\2.16.1\allure-test-filter-2.16.1.jar;"/>
    <property name="sun.cpu.endian" value="little"/>
    <property name="user.home" value="C:\Users\27428"/>
    <property name="user.language" value="zh"/>
    <property name="java.specification.vendor" value="Oracle Corporation"/>
    <property name="java.home" value="C:\Program Files\Java\jdk1.8.0_102\jre"/>
    <property name="basedir" value="E:\JAVA-hogwarts\junit5demo2"/>
    <property name="file.separator" value="\"/>
    <property name="line.separator" value="&#10;"/>
    <property name="java.vm.specification.vendor" value="Oracle Corporation"/>
    <property name="java.specification.name" value="Java Platform API Specification"/>
    <property name="java.awt.graphicsenv" value="sun.awt.Win32GraphicsEnvironment"/>
    <property name="surefire.real.class.path" value="C:\Users\27428\AppData\Local\Temp\surefire6476194136663493112\surefirebooter964154355830587227.jar"/>
    <property name="sun.boot.class.path" value="C:\Program Files\Java\jdk1.8.0_102\jre\lib\resources.jar;C:\Program Files\Java\jdk1.8.0_102\jre\lib\rt.jar;C:\Program Files\Java\jdk1.8.0_102\jre\lib\sunrsasign.jar;C:\Program Files\Java\jdk1.8.0_102\jre\lib\jsse.jar;C:\Program Files\Java\jdk1.8.0_102\jre\lib\jce.jar;C:\Program Files\Java\jdk1.8.0_102\jre\lib\charsets.jar;C:\Program Files\Java\jdk1.8.0_102\jre\lib\jfr.jar;C:\Program Files\Java\jdk1.8.0_102\jre\classes"/>
    <property name="user.script" value=""/>
    <property name="sun.management.compiler" value="HotSpot 64-Bit Tiered Compilers"/>
    <property name="java.runtime.version" value="1.8.0_102-b14"/>
    <property name="user.name" value="27428"/>
    <property name="path.separator" value=";"/>
    <property name="os.version" value="10.0"/>
    <property name="java.endorsed.dirs" value="C:\Program Files\Java\jdk1.8.0_102\jre\lib\endorsed"/>
    <property name="java.runtime.name" value="Java(TM) SE Runtime Environment"/>
    <property name="file.encoding" value="GBK"/>
    <property name="java.vm.name" value="Java HotSpot(TM) 64-Bit Server VM"/>
    <property name="localRepository" value="E:\JAVA-hogwarts\maven-repo"/>
    <property name="java.vendor.url.bug" value="http://bugreport.sun.com/bugreport/"/>
    <property name="java.io.tmpdir" value="C:\Users\27428\AppData\Local\Temp\"/>
    <property name="java.version" value="1.8.0_102"/>
    <property name="user.dir" value="E:\JAVA-hogwarts\junit5demo2"/>
    <property name="os.arch" value="amd64"/>
    <property name="java.vm.specification.name" value="Java Virtual Machine Specification"/>
    <property name="java.awt.printerjob" value="sun.awt.windows.WPrinterJob"/>
    <property name="sun.os.patch.level" value=""/>
    <property name="java.library.path" value="C:\Program Files\Java\jdk1.8.0_102\jre\bin;C:\WINDOWS\Sun\Java\bin;C:\WINDOWS\system32;C:\WINDOWS;C:\ProgramData\Oracle\Java\javapath;C:\Windows\system32;C:\Windows;C:\Windows\System32\Wbem;C:\Windows\System32\WindowsPowerShell\v1.0\;C:\Windows\System32\OpenSSH\;C:\Program Files (x86)\NVIDIA Corporation\PhysX\Common;C:\Program Files\NVIDIA Corporation\NVIDIA NvDLISR;C:\Program Files\Java\jdk1.8.0_102\bin;C:\Program Files\Java\jdk1.8.0_102\jre\bin;C:\Program Files (x86)\Android\android-sdk\platform-tools;C:\Program Files (x86)\Android\android-sdk\tools;E:\python work2\src;D:\allure-2.6.0\allure-2.6.0\bin;D:\autotesttool\scrcpy-win64-v1.15;C:\Program Files\nodejs\;C:\Program Files\Mozilla Firefox;C:\Program Files\Google\Chrome\Application;C:\Program Files\Docker\Docker;C:\Users\27428\AppData\Local\Programs\Python\Python36;C:\Users\27428\AppData\Roaming\Python\Python36\site-packages;C:\ProgramData\chocolatey\bin;C:\WINDOWS\system32;C:\WINDOWS;C:\WINDOWS\System32\Wbem;C:\WINDOWS\System32\WindowsPowerShell\v1.0\;C:\WINDOWS\System32\OpenSSH\;D:\apache-maven-3.6.3-bin\apache-maven-3.6.3\bin;C:\Users\27428\AppData\Local\Programs\Python\Python36\Scripts\;C:\Users\27428\AppData\Local\Programs\Python\Python36\;C:\Users\27428\AppData\Local\Microsoft\WindowsApps;C:\Users\27428\AppData\Local\Programs\Fiddler;C:\Program Files\Java\jdk1.8.0_102\bin;C:\Program Files\Java\jdk1.8.0_102\jre\bin;C:\Program Files (x86)\Android\android-sdk\platform-tools;C:\Program Files (x86)\Android\android-sdk\tools;C:\Program Files\JetBrains\IntelliJ IDEA Community Edition 2020.1.2\bin;;E:\python work2\src;D:\allure-2.6.0\allure-2.6.0\bin;D:\autotesttool\scrcpy-win64-v1.15;C:\Users\27428\AppData\Roaming\npm;C:\Program Files\nodejs;C:\Program Files\JetBrains\PyCharm Community Edition 2020.2.2\bin;;C:\Program Files\Mozilla Firefox;C:\Program Files\Google\Chrome\Application;C:\Program Files\Docker\Docker;C:\Users\27428\AppData\Local\Programs\Microsoft VS Code\bin;C:\Users\27428\AppData\Roaming\Python\Python36\site-packages;D:\autotesttool\apache-jmeter-5.3\bin;;C:\Users\27428\AppData\Local\Microsoft\WindowsApps;."/>
    <property name="java.vm.info" value="mixed mode"/>
    <property name="java.vendor" value="Oracle Corporation"/>
    <property name="java.vm.version" value="25.102-b14"/>
    <property name="java.ext.dirs" value="C:\Program Files\Java\jdk1.8.0_102\jre\lib\ext;C:\WINDOWS\Sun\Java\lib\ext"/>
    <property name="sun.io.unicode.encoding" value="UnicodeLittle"/>
    <property name="java.class.version" value="52.0"/>
  </properties>
  <testcase name="demo1" classname="DemoTest" time="0.189">
    <system-err><![CDATA[SLF4J: Failed to load class "org.slf4j.impl.StaticLoggerBinder".
SLF4J: Defaulting to no-operation (NOP) logger implementation
SLF4J: See http://www.slf4j.org/codes.html#StaticLoggerBinder for further details.
]]></system-err>
  </testcase>
  <testcase name="demo2" classname="DemoTest" time="0"/>
  <testcase name="demo3" classname="DemoTest" time="0"/>
</testsuite>